<?xml version="1.0" encoding="UTF-8"?>
<!-- Generated by org.testng.reporters.JUnitReportReporter -->
<testsuite hostname="DESKTOP-QAC0OS2" failures="0" tests="2" name="com.petclinic.pages.Owners" time="1.087" errors="0" timestamp="2022-01-26T22:56:18 CET" skipped="0">
  <testcase classname="com.petclinic.pages.Owners" name="searchExistingOwner" time="0.495"/>
  <system-out/>
  <testcase classname="com.petclinic.pages.Owners" name="searchOwnerEmptyString" time="0.592"/>
  <system-out/>
</testsuite> <!-- com.petclinic.pages.Owners -->
